<?xml version="1.0" encoding="UTF-8"?>
<!-- Generated by org.testng.reporters.JUnitXMLReporter -->
<testsuite ignored="2" hostname="Admin" failures="2" tests="4" name="Test" time="108.941" errors="0" timestamp="2022-01-21T13:19:53 IST">
  <testcase classname="com.crm.comcast.organizationtest.OrganizationTest" name="createOrgWithIndustriesTest" time="0.015">
    <failure type="java.lang.Error" message="Unresolved compilation problem: 
	Syntax error on token &amp;quot;.&amp;quot;, delete this token
">
      <![CDATA[java.lang.Error: Unresolved compilation problem: 
Syntax error on token ".", delete this token

at com.crm.comcast.organizationtest.OrganizationTest.createOrgWithIndustriesTest(OrganizationTest.java:64)
at java.base/java.util.ArrayList.forEach(ArrayList.java:1511)
... Removed 27 stack frames]]>
    </failure>
  </testcase> <!-- createOrgWithIndustriesTest -->
  <testcase classname="com.crm.comcast.organizationtest.OrganizationTest" name="createOrganizationTest" time="21.227"/>
  <testcase classname="com.crm.comcast.contacttest.ContactTest" name="createContactTest" time="0.001">
    <failure type="java.lang.Error" message="Unresolved compilation problem: 
	Syntax error on token &amp;quot;.&amp;quot;, delete this token
">
      <![CDATA[java.lang.Error: Unresolved compilation problem: 
Syntax error on token ".", delete this token

at com.crm.comcast.contacttest.ContactTest.createContactTest(ContactTest.java:30)
at java.base/java.util.ArrayList.forEach(ArrayList.java:1511)
... Removed 27 stack frames]]>
    </failure>
  </testcase> <!-- createContactTest -->
  <testcase classname="com.crm.comcast.contacttest.ContactTest" name="createContactWithOrgTest" time="38.605"/>
  <testcase classname="com.crm.comcast.genericutility.BaseAnnoationClass" name="@BeforeSuite configBS" time="0.0">
    <ignored/>
  </testcase> <!-- @BeforeSuite configBS -->
  <testcase classname="com.crm.comcast.genericutility.BaseAnnoationClass" name="@AfterSuite configAS" time="0.0">
    <ignored/>
  </testcase> <!-- @AfterSuite configAS -->
</testsuite> <!-- Test -->
